<?xml version="1.0" encoding="UTF-8"?>
<Site BuildName="Linux-g++"
	BuildStamp="20240811-1836-Experimental"
	Name="RyensComputer"
	Generator="ctest-3.22.1"
	CompilerName="/usr/bin/g++"
	CompilerVersion="11.4.0"
	OSName="Linux"
	Hostname="RyensComputer"
	OSRelease="5.15.153.1-microsoft-standard-WSL2"
	OSVersion="#1 SMP Fri Mar 29 23:14:13 UTC 2024"
	OSPlatform="x86_64"
	Is64Bits="1"
	VendorString="AuthenticAMD"
	VendorID="Advanced Micro Devices"
	FamilyID="25"
	ModelID="33"
	ProcessorCacheSize="512"
	NumberOfLogicalCPU="12"
	NumberOfPhysicalCPU="6"
	TotalVirtualMemory="2048"
	TotalPhysicalMemory="7887"
	LogicalProcessorsPerPhysical="2"
	ProcessorClockFrequency="3500.03"
	>
	<Testing>
		<StartDateTime>Aug 11 15:34 MDT</StartDateTime>
		<StartTestTime>1723412061</StartTestTime>
		<TestList/>
		<EndDateTime>Aug 11 15:34 MDT</EndDateTime>
		<EndTestTime>1723412061</EndTestTime>
		<ElapsedMinutes>0</ElapsedMinutes>
	</Testing>
</Site>
